This file contains any messages produced by compilers while
running configure, to aid debugging if configure makes a mistake.

It was created by configure, which was
generated by GNU Autoconf 2.64.  Invocation command line was

  $ /home/romain/Bureau/workbench/sources/gcc-6.3.0/configure --build=x86_64-linux-gnu --host=x86_64-linux-gnu --target=i486-zydux-linux-musl --prefix=/home/romain/Bureau/workbench/toolchain --with-sysroot=/home/romain/Bureau/workbench/toolchain/i486-zydux-linux-musl --with-pkgversion= --disable-nls --enable-c99 --enable-long-long --disable-multilib --disable-libmudflap --disable-libmpx --enable-languages=c --disable-bootstrap

## --------- ##
## Platform. ##
## --------- ##

hostname = Xubuntu-64
uname -m = x86_64
uname -r = 4.4.0-62-generic
uname -s = Linux
uname -v = #83-Ubuntu SMP Wed Jan 18 14:10:15 UTC 2017

/usr/bin/uname -p = unknown
/bin/uname -X     = unknown

/bin/arch              = unknown
/usr/bin/arch -k       = unknown
/usr/convex/getsysinfo = unknown
/usr/bin/hostinfo      = unknown
/bin/machine           = unknown
/usr/bin/oslevel       = unknown
/bin/universe          = unknown

PATH: /home/romain/Bureau/workbench/toolchain/bin
PATH: /media/workbench/android/android-bin
PATH: /usr/local/sbin
PATH: /usr/local/bin
PATH: /usr/sbin
PATH: /usr/bin
PATH: /sbin
PATH: /bin
PATH: /usr/games
PATH: /usr/local/games
PATH: /snap/bin
PATH: /home/romain/Bureau/zydux/


## ----------- ##
## Core tests. ##
## ----------- ##

configure:2297: checking build system type
configure:2311: result: x86_64-pc-linux-gnu
configure:2358: checking host system type
configure:2371: result: x86_64-pc-linux-gnu
configure:2391: checking target system type
configure:2404: result: i486-zydux-linux-musl
configure:2458: checking for a BSD-compatible install
configure:2526: result: /usr/bin/install -c
configure:2537: checking whether ln works
configure:2559: result: yes
configure:2563: checking whether ln -s works
configure:2567: result: yes
configure:2574: checking for a sed that does not truncate output
configure:2638: result: /bin/sed
configure:2647: checking for gawk
configure:2663: found /usr/bin/gawk
configure:2674: result: gawk
configure:3210: checking for libatomic support
configure:3220: result: yes
configure:3229: checking for libcilkrts support
configure:3239: result: yes
configure:3267: checking for libitm support
configure:3277: result: yes
configure:3286: checking for libsanitizer support
configure:3296: result: yes
configure:3305: checking for libvtv support
configure:3315: result: yes
configure:4078: checking for x86_64-linux-gnu-gcc
configure:4105: result: i486-zydux-linux-musl-gcc
configure:4374: checking for C compiler version
configure:4383: i486-zydux-linux-musl-gcc --version >&5
i486-zydux-linux-musl-gcc () 6.3.0
Copyright (C) 2016 Free Software Foundation, Inc.
This is free software; see the source for copying conditions.  There is NO
warranty; not even for MERCHANTABILITY or FITNESS FOR A PARTICULAR PURPOSE.

configure:4394: $? = 0
configure:4383: i486-zydux-linux-musl-gcc -v >&5
Using built-in specs.
COLLECT_GCC=i486-zydux-linux-musl-gcc
COLLECT_LTO_WRAPPER=/home/romain/Bureau/workbench/toolchain/libexec/gcc/i486-zydux-linux-musl/6.3.0/lto-wrapper
Target: i486-zydux-linux-musl
Configured with: /home/romain/Bureau/workbench/sources/gcc-6.3.0/configure --build=x86_64-linux-gnu --host=x86_64-linux-gnu --target=i486-zydux-linux-musl --prefix=/home/romain/Bureau/workbench/toolchain --with-sysroot=/home/romain/Bureau/workbench/toolchain/i486-zydux-linux-musl --with-pkgversion= --disable-nls --disable-shared --without-headers --with-newlib --disable-decimal-float --disable-libgomp --disable-libmudflap --disable-libssp --disable-libatomic --disable-libquadmath --disable-threads --disable-multilib --enable-languages=c --disable-bootstrap
Thread model: single
gcc version 6.3.0 () 
configure:4394: $? = 0
configure:4383: i486-zydux-linux-musl-gcc -V >&5
i486-zydux-linux-musl-gcc: error: unrecognized command line option '-V'
i486-zydux-linux-musl-gcc: fatal error: no input files
compilation terminated.
configure:4394: $? = 1
configure:4383: i486-zydux-linux-musl-gcc -qversion >&5
i486-zydux-linux-musl-gcc: error: unrecognized command line option '-qversion'; did you mean '--version'?
i486-zydux-linux-musl-gcc: fatal error: no input files
compilation terminated.
configure:4394: $? = 1
configure:4414: checking for C compiler default output file name
configure:4436: i486-zydux-linux-musl-gcc    conftest.c  >&5
configure:4440: $? = 0
configure:4477: result: a.out
configure:4493: checking whether the C compiler works
configure:4502: ./a.out
/home/romain/Bureau/workbench/sources/gcc-6.3.0/configure: line 4504: ./a.out: No such file or directory
configure:4506: $? = 127
configure:4513: error: in `/home/romain/Bureau/workbench/builds/gcc_2':
configure:4517: error: cannot run C compiled programs.
If you meant to cross compile, use `--host'.
See `config.log' for more details.

## ---------------- ##
## Cache variables. ##
## ---------------- ##

ac_cv_build=x86_64-pc-linux-gnu
ac_cv_env_AR_FOR_TARGET_set=
ac_cv_env_AR_FOR_TARGET_value=
ac_cv_env_AR_set=
ac_cv_env_AR_value=
ac_cv_env_AS_FOR_TARGET_set=
ac_cv_env_AS_FOR_TARGET_value=
ac_cv_env_AS_set=
ac_cv_env_AS_value=
ac_cv_env_CCC_set=
ac_cv_env_CCC_value=
ac_cv_env_CC_FOR_TARGET_set=
ac_cv_env_CC_FOR_TARGET_value=
ac_cv_env_CC_set=set
ac_cv_env_CC_value=i486-zydux-linux-musl-gcc
ac_cv_env_CFLAGS_set=
ac_cv_env_CFLAGS_value=
ac_cv_env_CPPFLAGS_set=
ac_cv_env_CPPFLAGS_value=
ac_cv_env_CXXFLAGS_set=
ac_cv_env_CXXFLAGS_value=
ac_cv_env_CXX_FOR_TARGET_set=
ac_cv_env_CXX_FOR_TARGET_value=
ac_cv_env_CXX_set=
ac_cv_env_CXX_value=
ac_cv_env_DLLTOOL_FOR_TARGET_set=
ac_cv_env_DLLTOOL_FOR_TARGET_value=
ac_cv_env_DLLTOOL_set=
ac_cv_env_DLLTOOL_value=
ac_cv_env_GCC_FOR_TARGET_set=
ac_cv_env_GCC_FOR_TARGET_value=
ac_cv_env_GCJ_FOR_TARGET_set=
ac_cv_env_GCJ_FOR_TARGET_value=
ac_cv_env_GFORTRAN_FOR_TARGET_set=
ac_cv_env_GFORTRAN_FOR_TARGET_value=
ac_cv_env_GOC_FOR_TARGET_set=
ac_cv_env_GOC_FOR_TARGET_value=
ac_cv_env_LDFLAGS_set=
ac_cv_env_LDFLAGS_value=
ac_cv_env_LD_FOR_TARGET_set=
ac_cv_env_LD_FOR_TARGET_value=
ac_cv_env_LD_set=
ac_cv_env_LD_value=
ac_cv_env_LIBS_set=
ac_cv_env_LIBS_value=
ac_cv_env_LIPO_FOR_TARGET_set=
ac_cv_env_LIPO_FOR_TARGET_value=
ac_cv_env_LIPO_set=
ac_cv_env_LIPO_value=
ac_cv_env_NM_FOR_TARGET_set=
ac_cv_env_NM_FOR_TARGET_value=
ac_cv_env_NM_set=
ac_cv_env_NM_value=
ac_cv_env_OBJCOPY_FOR_TARGET_set=
ac_cv_env_OBJCOPY_FOR_TARGET_value=
ac_cv_env_OBJCOPY_set=
ac_cv_env_OBJCOPY_value=
ac_cv_env_OBJDUMP_FOR_TARGET_set=
ac_cv_env_OBJDUMP_FOR_TARGET_value=
ac_cv_env_OBJDUMP_set=
ac_cv_env_OBJDUMP_value=
ac_cv_env_RANLIB_FOR_TARGET_set=
ac_cv_env_RANLIB_FOR_TARGET_value=
ac_cv_env_RANLIB_set=
ac_cv_env_RANLIB_value=
ac_cv_env_READELF_FOR_TARGET_set=
ac_cv_env_READELF_FOR_TARGET_value=
ac_cv_env_READELF_set=
ac_cv_env_READELF_value=
ac_cv_env_STRIP_FOR_TARGET_set=
ac_cv_env_STRIP_FOR_TARGET_value=
ac_cv_env_STRIP_set=
ac_cv_env_STRIP_value=
ac_cv_env_WINDMC_FOR_TARGET_set=
ac_cv_env_WINDMC_FOR_TARGET_value=
ac_cv_env_WINDMC_set=
ac_cv_env_WINDMC_value=
ac_cv_env_WINDRES_FOR_TARGET_set=
ac_cv_env_WINDRES_FOR_TARGET_value=
ac_cv_env_WINDRES_set=
ac_cv_env_WINDRES_value=
ac_cv_env_build_alias_set=set
ac_cv_env_build_alias_value=x86_64-linux-gnu
ac_cv_env_build_configargs_set=
ac_cv_env_build_configargs_value=
ac_cv_env_host_alias_set=set
ac_cv_env_host_alias_value=x86_64-linux-gnu
ac_cv_env_host_configargs_set=
ac_cv_env_host_configargs_value=
ac_cv_env_target_alias_set=set
ac_cv_env_target_alias_value=i486-zydux-linux-musl
ac_cv_env_target_configargs_set=
ac_cv_env_target_configargs_value=
ac_cv_host=x86_64-pc-linux-gnu
ac_cv_path_SED=/bin/sed
ac_cv_path_install='/usr/bin/install -c'
ac_cv_prog_AWK=gawk
ac_cv_prog_CC=i486-zydux-linux-musl-gcc
ac_cv_target=i486-zydux-linux-musl
acx_cv_prog_LN=ln

## ----------------- ##
## Output variables. ##
## ----------------- ##

AR=''
AR_FOR_BUILD='$(AR)'
AR_FOR_TARGET=''
AS=''
AS_FOR_BUILD='$(AS)'
AS_FOR_TARGET=''
AWK='gawk'
BISON=''
BUILD_CONFIG=''
CC='i486-zydux-linux-musl-gcc'
CC_FOR_BUILD='$(CC)'
CC_FOR_TARGET=''
CFLAGS=''
CFLAGS_FOR_BUILD=''
CFLAGS_FOR_TARGET=''
COMPILER_AS_FOR_TARGET=''
COMPILER_LD_FOR_TARGET=''
COMPILER_NM_FOR_TARGET=''
CONFIGURE_GDB_TK=''
CPPFLAGS=''
CXX=''
CXXFLAGS=''
CXXFLAGS_FOR_BUILD=''
CXXFLAGS_FOR_TARGET=''
CXX_FOR_BUILD='$(CXX)'
CXX_FOR_TARGET=''
DEBUG_PREFIX_CFLAGS_FOR_TARGET=''
DEFS=''
DLLTOOL=''
DLLTOOL_FOR_BUILD='$(DLLTOOL)'
DLLTOOL_FOR_TARGET=''
ECHO_C=''
ECHO_N='-n'
ECHO_T=''
EXEEXT=''
EXPECT=''
EXTRA_CONFIGARGS_LIBJAVA='--disable-static'
FLAGS_FOR_TARGET=''
FLEX=''
GCC_FOR_TARGET=''
GCC_SHLIB_SUBDIR=''
GCJ_FOR_BUILD='$(GCJ)'
GCJ_FOR_TARGET=''
GDB_TK=''
GFORTRAN_FOR_BUILD='$(GFORTRAN)'
GFORTRAN_FOR_TARGET=''
GNATBIND=''
GNATMAKE=''
GOC_FOR_BUILD='$(GOC)'
GOC_FOR_TARGET=''
INSTALL_DATA='${INSTALL} -m 644'
INSTALL_GDB_TK=''
INSTALL_PROGRAM='${INSTALL}'
INSTALL_SCRIPT='${INSTALL}'
LD=''
LDFLAGS=''
LDFLAGS_FOR_BUILD=''
LDFLAGS_FOR_TARGET=''
LD_FOR_BUILD='$(LD)'
LD_FOR_TARGET=''
LEX=''
LIBOBJS=''
LIBS=''
LIPO=''
LIPO_FOR_TARGET=''
LN='ln'
LN_S='ln -s'
LTLIBOBJS=''
M4=''
MAINT=''
MAINTAINER_MODE_FALSE=''
MAINTAINER_MODE_TRUE=''
MAKEINFO=''
NM=''
NM_FOR_BUILD='$(NM)'
NM_FOR_TARGET=''
OBJCOPY=''
OBJCOPY_FOR_TARGET=''
OBJDUMP=''
OBJDUMP_FOR_TARGET=''
OBJEXT=''
PACKAGE_BUGREPORT=''
PACKAGE_NAME=''
PACKAGE_STRING=''
PACKAGE_TARNAME=''
PACKAGE_URL=''
PACKAGE_VERSION=''
PATH_SEPARATOR=':'
RANLIB=''
RANLIB_FOR_BUILD='$(RANLIB)'
RANLIB_FOR_TARGET=''
RAW_CXX_FOR_TARGET=''
READELF=''
READELF_FOR_TARGET=''
RPATH_ENVVAR=''
RUNTEST=''
SED='/bin/sed'
SHELL='/bin/bash'
STRIP=''
STRIP_FOR_TARGET=''
SYSROOT_CFLAGS_FOR_TARGET=''
TOPLEVEL_CONFIGURE_ARGUMENTS='/home/romain/Bureau/workbench/sources/gcc-6.3.0/configure --build=x86_64-linux-gnu --host=x86_64-linux-gnu --target=i486-zydux-linux-musl --prefix=/home/romain/Bureau/workbench/toolchain --with-sysroot=/home/romain/Bureau/workbench/toolchain/i486-zydux-linux-musl --with-pkgversion= --disable-nls --enable-c99 --enable-long-long --disable-multilib --disable-libmudflap --disable-libmpx --enable-languages=c --disable-bootstrap'
WINDMC=''
WINDMC_FOR_BUILD='$(WINDMC)'
WINDMC_FOR_TARGET=''
WINDRES=''
WINDRES_FOR_BUILD='$(WINDRES)'
WINDRES_FOR_TARGET=''
YACC=''
ac_ct_CC=''
ac_ct_CXX=''
bindir='${exec_prefix}/bin'
build='x86_64-pc-linux-gnu'
build_alias='x86_64-linux-gnu'
build_configargs=''
build_configdirs='build-libiberty build-libcpp build-texinfo build-flex build-bison build-m4 build-fixincludes'
build_cpu='x86_64'
build_libsubdir='build-x86_64-linux-gnu'
build_noncanonical='x86_64-linux-gnu'
build_os='linux-gnu'
build_subdir='build-x86_64-linux-gnu'
build_tooldir=''
build_vendor='pc'
compare_exclusions=''
configdirs='intl libiberty opcodes bfd readline tcl tk itcl libgui zlib libbacktrace libcpp libdecnumber gmp mpfr mpc isl libelf libiconv texinfo flex bison binutils gas ld fixincludes gcc cgen sid sim gdb gprof etc expect dejagnu m4 utils guile fastjar gnattools libcc1 gotools'
datadir='${datarootdir}'
datarootdir='${prefix}/share'
do_compare=''
docdir='${datarootdir}/doc/${PACKAGE}'
dvidir='${docdir}'
exec_prefix='NONE'
extra_host_libiberty_configure_flags=''
extra_host_zlib_configure_flags=''
extra_isl_gmp_configure_flags=''
extra_liboffloadmic_configure_flags=''
extra_linker_plugin_configure_flags=''
extra_linker_plugin_flags=''
extra_mpc_gmp_configure_flags=''
extra_mpc_mpfr_configure_flags=''
extra_mpfr_configure_flags=''
gmpinc=''
gmplibs=''
host='x86_64-pc-linux-gnu'
host_alias='x86_64-linux-gnu'
host_configargs=''
host_cpu='x86_64'
host_noncanonical='x86_64-linux-gnu'
host_os='linux-gnu'
host_shared=''
host_subdir='.'
host_vendor='pc'
htmldir='${docdir}'
includedir='${prefix}/include'
infodir='${datarootdir}/info'
islinc=''
isllibs=''
islver=''
libdir='${exec_prefix}/lib'
libexecdir='${exec_prefix}/libexec'
localedir='${datarootdir}/locale'
localstatedir='${prefix}/var'
mandir='${datarootdir}/man'
oldincludedir='/usr/include'
pdfdir='${docdir}'
poststage1_ldflags=''
poststage1_libs=''
prefix='/home/romain/Bureau/workbench/toolchain'
program_transform_name='s&^&i486-zydux-linux-musl-&'
psdir='${docdir}'
sbindir='${exec_prefix}/sbin'
sharedstatedir='${prefix}/com'
stage1_cflags=''
stage1_checking=''
stage1_languages=''
stage1_ldflags=''
stage1_libs=''
stage2_werror_flag=''
sysconfdir='${prefix}/etc'
target='i486-zydux-linux-musl'
target_alias='i486-zydux-linux-musl'
target_configargs=''
target_configdirs='target-libgcc target-libbacktrace target-libgloss target-newlib target-libgomp target-libcilkrts target-liboffloadmic target-libatomic target-libitm target-libstdc++-v3 target-libsanitizer target-libvtv target-libmpx target-libssp target-libquadmath target-libgfortran target-boehm-gc target-libffi target-zlib target-libjava target-libobjc target-libada target-libgo target-rda'
target_cpu='i486'
target_noncanonical='i486-zydux-linux-musl'
target_os='linux-musl'
target_subdir='i486-zydux-linux-musl'
target_vendor='zydux'
tooldir=''

## ------------------- ##
## File substitutions. ##
## ------------------- ##

alphaieee_frag=''
host_makefile_frag='/dev/null'
ospace_frag=''
serialization_dependencies=''
target_makefile_frag=''

## ----------- ##
## confdefs.h. ##
## ----------- ##

/* confdefs.h */
#define PACKAGE_NAME ""
#define PACKAGE_TARNAME ""
#define PACKAGE_VERSION ""
#define PACKAGE_STRING ""
#define PACKAGE_BUGREPORT ""
#define PACKAGE_URL ""

configure: exit 1
